\BOOKMARK [0][-]{chapter.1}{\376\377\000M\000a\000t\000h\000s}{}% 1
\BOOKMARK [1][-]{section.1.1}{\376\377\000P\000r\000o\000b\000a\000b\000i\000l\000i\000t\000y}{chapter.1}% 2
\BOOKMARK [0][-]{chapter.2}{\376\377\000J\000a\000v\000a}{}% 3
\BOOKMARK [1][-]{section.2.1}{\376\377\000E\000n\000c\000a\000p\000s\000u\000l\000a\000t\000i\000o\000n}{chapter.2}% 4
\BOOKMARK [2][-]{subsection.2.1.1}{\376\377\000J\000a\000v\000a\000\040\000P\000a\000c\000k\000a\000g\000e\000s}{section.2.1}% 5
\BOOKMARK [2][-]{subsection.2.1.2}{\376\377\000A\000c\000c\000e\000s\000s\000\040\000M\000o\000d\000i\000f\000i\000e\000r\000s}{section.2.1}% 6
\BOOKMARK [2][-]{subsection.2.1.3}{\376\377\000W\000a\000y\000s\000\040\000t\000o\000\040\000E\000n\000c\000a\000p\000s\000u\000l\000a\000t\000i\000o\000n}{section.2.1}% 7
\BOOKMARK [2][-]{subsection.2.1.4}{\376\377\000D\000a\000t\000a\000\040\000H\000i\000d\000i\000n\000g}{section.2.1}% 8
\BOOKMARK [2][-]{subsection.2.1.5}{\376\377\000T\000h\000e\000\040\000`\000s\000t\000a\000t\000i\000c\000`\000\040\000k\000e\000y\000w\000o\000r\000d}{section.2.1}% 9
\BOOKMARK [2][-]{subsection.2.1.6}{\376\377\000F\000i\000l\000e\000\040\000H\000a\000n\000d\000l\000i\000n\000g}{section.2.1}% 10
\BOOKMARK [2][-]{subsection.2.1.7}{\376\377\000f\000i\000n\000a\000l\000\040\000k\000e\000y\000w\000o\000r\000d\000\040\000i\000n\000\040\000J\000a\000v\000a}{section.2.1}% 11
\BOOKMARK [2][-]{subsection.2.1.8}{\376\377\000J\000a\000v\000a\000\040\000I\000n\000h\000e\000r\000i\000t\000a\000n\000c\000e}{section.2.1}% 12
\BOOKMARK [2][-]{subsection.2.1.9}{\376\377\000C\000o\000m\000p\000a\000r\000i\000s\000o\000n\000:\000\040\000t\000h\000i\000s\000\040\000v\000s\000.\000\040\000s\000u\000p\000e\000r}{section.2.1}% 13
\BOOKMARK [2][-]{subsection.2.1.10}{\376\377\000C\000o\000n\000s\000t\000r\000u\000c\000t\000o\000r\000s}{section.2.1}% 14
\BOOKMARK [2][-]{subsection.2.1.11}{\376\377\000P\000o\000s\000s\000i\000b\000l\000e\000\040\000w\000a\000y\000s\000\040\000t\000o\000\040\000i\000t\000e\000r\000a\000t\000e\000\040\330\074\337\303}{section.2.1}% 15
\BOOKMARK [2][-]{subsection.2.1.12}{\376\377\000S\000t\000r\000i\000n\000g\000B\000u\000i\000l\000d\000e\000r\000s\000.\000j\000a\000v\000a}{section.2.1}% 16
\BOOKMARK [2][-]{subsection.2.1.13}{\376\377\000T\000h\000e\000\040\000M\000a\000p\000\040\000f\000r\000a\000m\000e\000w\000o\000r\000k}{section.2.1}% 17
\BOOKMARK [2][-]{subsection.2.1.14}{\376\377\000O\000M\000G\000\040\000A\000r\000r\000a\000y\000L\000i\000s\000t}{section.2.1}% 18
\BOOKMARK [2][-]{subsection.2.1.15}{\376\377\000B\000i\000n\000a\000r\000y\000\040\000S\000e\000a\000r\000c\000h}{section.2.1}% 19
\BOOKMARK [2][-]{subsection.2.1.16}{\376\377\000H\000o\000t\000\040\000S\000e\000t}{section.2.1}% 20
\BOOKMARK [2][-]{subsection.2.1.17}{\376\377\000I\000t\000'\000s\000\040\000m\000e\000\040\000b\000r\000o\000\040\000:\000\051\000\040\000S\000t\000a\000c\000k}{section.2.1}% 21
\BOOKMARK [2][-]{subsection.2.1.18}{\376\377\000I\000'\000d\000\040\000l\000i\000k\000e\000\040\000t\000o\000\040\000b\000e\000\040\000d\000y\000n\000a\000m\000i\000c\000!\000\040\000H\000e\000a\000p}{section.2.1}% 22
